The target system is: Arduino -  - 
The host system is: Linux - 4.9.253-tegra - aarch64
Compiling the C compiler identification source file "CMakeCCompilerId.c" succeeded.
Compiler: /usr/bin/avr-gcc 
Build flags: 
Id flags:  

The output was:
0


Compilation of the C compiler identification source "CMakeCCompilerId.c" produced "a.out"

The C compiler identification is GNU, found in "/home/user/catkin_ws/build/mpu6050-ros/firmware/CMakeFiles/3.10.2/CompilerIdC/a.out"

Compiling the CXX compiler identification source file "CMakeCXXCompilerId.cpp" succeeded.
Compiler: /usr/bin/avr-g++ 
Build flags: 
Id flags:  

The output was:
0


Compilation of the CXX compiler identification source "CMakeCXXCompilerId.cpp" produced "a.out"

The CXX compiler identification is GNU, found in "/home/user/catkin_ws/build/mpu6050-ros/firmware/CMakeFiles/3.10.2/CompilerIdCXX/a.out"

Determining if the C compiler works passed with the following output:
Change Dir: /home/user/catkin_ws/build/mpu6050-ros/firmware/CMakeFiles/CMakeTmp

Run Build Command:"/usr/bin/make" "cmTC_89d64/fast"
make[3]: Entering directory '/home/user/catkin_ws/build/mpu6050-ros/firmware/CMakeFiles/CMakeTmp'
/usr/bin/make -f CMakeFiles/cmTC_89d64.dir/build.make CMakeFiles/cmTC_89d64.dir/build
make[4]: Entering directory '/home/user/catkin_ws/build/mpu6050-ros/firmware/CMakeFiles/CMakeTmp'
Building C object CMakeFiles/cmTC_89d64.dir/testCCompiler.c.obj
/usr/bin/avr-gcc   -g -Os       -mcall-prologues -ffunction-sections -fdata-sections    -o CMakeFiles/cmTC_89d64.dir/testCCompiler.c.obj   -c /home/user/catkin_ws/build/mpu6050-ros/firmware/CMakeFiles/CMakeTmp/testCCompiler.c
Linking C executable cmTC_89d64
/usr/bin/cmake -E cmake_link_script CMakeFiles/cmTC_89d64.dir/link.txt --verbose=1
/usr/bin/avr-gcc -g -Os       -mcall-prologues -ffunction-sections -fdata-sections   -Wl,--gc-sections -lm  CMakeFiles/cmTC_89d64.dir/testCCompiler.c.obj  -o cmTC_89d64 
make[4]: Leaving directory '/home/user/catkin_ws/build/mpu6050-ros/firmware/CMakeFiles/CMakeTmp'
make[3]: Leaving directory '/home/user/catkin_ws/build/mpu6050-ros/firmware/CMakeFiles/CMakeTmp'


Detecting C compiler ABI info compiled with the following output:
Change Dir: /home/user/catkin_ws/build/mpu6050-ros/firmware/CMakeFiles/CMakeTmp

Run Build Command:"/usr/bin/make" "cmTC_9f19b/fast"
make[3]: Entering directory '/home/user/catkin_ws/build/mpu6050-ros/firmware/CMakeFiles/CMakeTmp'
/usr/bin/make -f CMakeFiles/cmTC_9f19b.dir/build.make CMakeFiles/cmTC_9f19b.dir/build
make[4]: Entering directory '/home/user/catkin_ws/build/mpu6050-ros/firmware/CMakeFiles/CMakeTmp'
Building C object CMakeFiles/cmTC_9f19b.dir/CMakeCCompilerABI.c.obj
/usr/bin/avr-gcc   -g -Os       -mcall-prologues -ffunction-sections -fdata-sections    -o CMakeFiles/cmTC_9f19b.dir/CMakeCCompilerABI.c.obj   -c /usr/share/cmake-3.10/Modules/CMakeCCompilerABI.c
Linking C executable cmTC_9f19b
/usr/bin/cmake -E cmake_link_script CMakeFiles/cmTC_9f19b.dir/link.txt --verbose=1
/usr/bin/avr-gcc -g -Os       -mcall-prologues -ffunction-sections -fdata-sections   -Wl,--gc-sections -lm -v CMakeFiles/cmTC_9f19b.dir/CMakeCCompilerABI.c.obj  -o cmTC_9f19b 
Using built-in specs.
Reading specs from /usr/lib/gcc/avr/5.4.0/device-specs/specs-avr2
COLLECT_GCC=/usr/bin/avr-gcc
COLLECT_LTO_WRAPPER=/usr/lib/gcc/avr/5.4.0/lto-wrapper
Target: avr
Configured with: ../gcc/configure -v --enable-languages=c,c++ --prefix=/usr/lib --infodir=/usr/share/info --mandir=/usr/share/man --bindir=/usr/bin --libexecdir=/usr/lib --libdir=/usr/lib --enable-shared --with-system-zlib --enable-long-long --enable-nls --without-included-gettext --disable-libssp --build=aarch64-linux-gnu --host=aarch64-linux-gnu --target=avr CFLAGS='-g -O2 -fdebug-prefix-map=/build/gcc-avr-xTm33B/gcc-avr-5.4.0+Atmel3.6.0=. -fstack-protector-strong -Wformat ' CPPFLAGS='-Wdate-time -D_FORTIFY_SOURCE=2' CXXFLAGS='-g -O2 -fdebug-prefix-map=/build/gcc-avr-xTm33B/gcc-avr-5.4.0+Atmel3.6.0=. -fstack-protector-strong -Wformat ' FCFLAGS='-g -O2 -fdebug-prefix-map=/build/gcc-avr-xTm33B/gcc-avr-5.4.0+Atmel3.6.0=. -fstack-protector-strong' FFLAGS='-g -O2 -fdebug-prefix-map=/build/gcc-avr-xTm33B/gcc-avr-5.4.0+Atmel3.6.0=. -fstack-protector-strong' GCJFLAGS='-g -O2 -fdebug-prefix-map=/build/gcc-avr-xTm33B/gcc-avr-5.4.0+Atmel3.6.0=. -fstack-protector-strong' LDFLAGS='-Wl,-Bsymbolic-functions -Wl,-z,relro' OBJCFLAGS='-g -O2 -fdebug-prefix-map=/build/gcc-avr-xTm33B/gcc-avr-5.4.0+Atmel3.6.0=. -fstack-protector-strong -Wformat ' OBJCXXFLAGS='-g -O2 -fdebug-prefix-map=/build/gcc-avr-xTm33B/gcc-avr-5.4.0+Atmel3.6.0=. -fstack-protector-strong -Wformat '
Thread model: single
gcc version 5.4.0 (GCC) 
COMPILER_PATH=/usr/lib/gcc/avr/5.4.0/:/usr/lib/gcc/avr/5.4.0/:/usr/lib/gcc/avr/:/usr/lib/gcc/avr/5.4.0/:/usr/lib/gcc/avr/:/usr/lib/gcc/avr/5.4.0/../../../avr/bin/
LIBRARY_PATH=/usr/lib/gcc/avr/5.4.0/:/usr/lib/gcc/avr/5.4.0/../../../avr/lib/
COLLECT_GCC_OPTIONS='-g' '-Os' '-mcall-prologues' '-ffunction-sections' '-fdata-sections' '-v' '-o' 'cmTC_9f19b' '-specs=device-specs/specs-avr2'
 /usr/lib/gcc/avr/5.4.0/collect2 -plugin /usr/lib/gcc/avr/5.4.0/liblto_plugin.so -plugin-opt=/usr/lib/gcc/avr/5.4.0/lto-wrapper -plugin-opt=-fresolution=/tmp/ccdo3v1t.res -plugin-opt=-pass-through=-lgcc -plugin-opt=-pass-through=-lm -plugin-opt=-pass-through=-lc --pmem-wrap-around=8k -o cmTC_9f19b -L/usr/lib/gcc/avr/5.4.0 -L/usr/lib/gcc/avr/5.4.0/../../../avr/lib --gc-sections -lm CMakeFiles/cmTC_9f19b.dir/CMakeCCompilerABI.c.obj --start-group -lgcc -lm -lc --end-group
make[4]: Leaving directory '/home/user/catkin_ws/build/mpu6050-ros/firmware/CMakeFiles/CMakeTmp'
make[3]: Leaving directory '/home/user/catkin_ws/build/mpu6050-ros/firmware/CMakeFiles/CMakeTmp'


Parsed C implicit link information from above output:
  link line regex: [^( *|.*[/\])(avr-ld|CMAKE_LINK_STARTFILE-NOTFOUND|([^/\]+-)?ld|collect2)[^/\]*( |$)]
  ignore line: [Change Dir: /home/user/catkin_ws/build/mpu6050-ros/firmware/CMakeFiles/CMakeTmp]
  ignore line: []
  ignore line: [Run Build Command:"/usr/bin/make" "cmTC_9f19b/fast"]
  ignore line: [make[3]: Entering directory '/home/user/catkin_ws/build/mpu6050-ros/firmware/CMakeFiles/CMakeTmp']
  ignore line: [/usr/bin/make -f CMakeFiles/cmTC_9f19b.dir/build.make CMakeFiles/cmTC_9f19b.dir/build]
  ignore line: [make[4]: Entering directory '/home/user/catkin_ws/build/mpu6050-ros/firmware/CMakeFiles/CMakeTmp']
  ignore line: [Building C object CMakeFiles/cmTC_9f19b.dir/CMakeCCompilerABI.c.obj]
  ignore line: [/usr/bin/avr-gcc   -g -Os       -mcall-prologues -ffunction-sections -fdata-sections    -o CMakeFiles/cmTC_9f19b.dir/CMakeCCompilerABI.c.obj   -c /usr/share/cmake-3.10/Modules/CMakeCCompilerABI.c]
  ignore line: [Linking C executable cmTC_9f19b]
  ignore line: [/usr/bin/cmake -E cmake_link_script CMakeFiles/cmTC_9f19b.dir/link.txt --verbose=1]
  ignore line: [/usr/bin/avr-gcc -g -Os       -mcall-prologues -ffunction-sections -fdata-sections   -Wl,--gc-sections -lm -v CMakeFiles/cmTC_9f19b.dir/CMakeCCompilerABI.c.obj  -o cmTC_9f19b ]
  ignore line: [Using built-in specs.]
  ignore line: [Reading specs from /usr/lib/gcc/avr/5.4.0/device-specs/specs-avr2]
  ignore line: [COLLECT_GCC=/usr/bin/avr-gcc]
  ignore line: [COLLECT_LTO_WRAPPER=/usr/lib/gcc/avr/5.4.0/lto-wrapper]
  ignore line: [Target: avr]
  ignore line: [Configured with: ../gcc/configure -v --enable-languages=c,c++ --prefix=/usr/lib --infodir=/usr/share/info --mandir=/usr/share/man --bindir=/usr/bin --libexecdir=/usr/lib --libdir=/usr/lib --enable-shared --with-system-zlib --enable-long-long --enable-nls --without-included-gettext --disable-libssp --build=aarch64-linux-gnu --host=aarch64-linux-gnu --target=avr CFLAGS='-g -O2 -fdebug-prefix-map=/build/gcc-avr-xTm33B/gcc-avr-5.4.0+Atmel3.6.0=. -fstack-protector-strong -Wformat ' CPPFLAGS='-Wdate-time -D_FORTIFY_SOURCE=2' CXXFLAGS='-g -O2 -fdebug-prefix-map=/build/gcc-avr-xTm33B/gcc-avr-5.4.0+Atmel3.6.0=. -fstack-protector-strong -Wformat ' FCFLAGS='-g -O2 -fdebug-prefix-map=/build/gcc-avr-xTm33B/gcc-avr-5.4.0+Atmel3.6.0=. -fstack-protector-strong' FFLAGS='-g -O2 -fdebug-prefix-map=/build/gcc-avr-xTm33B/gcc-avr-5.4.0+Atmel3.6.0=. -fstack-protector-strong' GCJFLAGS='-g -O2 -fdebug-prefix-map=/build/gcc-avr-xTm33B/gcc-avr-5.4.0+Atmel3.6.0=. -fstack-protector-strong' LDFLAGS='-Wl,-Bsymbolic-functions -Wl,-z,relro' OBJCFLAGS='-g -O2 -fdebug-prefix-map=/build/gcc-avr-xTm33B/gcc-avr-5.4.0+Atmel3.6.0=. -fstack-protector-strong -Wformat ' OBJCXXFLAGS='-g -O2 -fdebug-prefix-map=/build/gcc-avr-xTm33B/gcc-avr-5.4.0+Atmel3.6.0=. -fstack-protector-strong -Wformat ']
  ignore line: [Thread model: single]
  ignore line: [gcc version 5.4.0 (GCC) ]
  ignore line: [COMPILER_PATH=/usr/lib/gcc/avr/5.4.0/:/usr/lib/gcc/avr/5.4.0/:/usr/lib/gcc/avr/:/usr/lib/gcc/avr/5.4.0/:/usr/lib/gcc/avr/:/usr/lib/gcc/avr/5.4.0/../../../avr/bin/]
  ignore line: [LIBRARY_PATH=/usr/lib/gcc/avr/5.4.0/:/usr/lib/gcc/avr/5.4.0/../../../avr/lib/]
  ignore line: [COLLECT_GCC_OPTIONS='-g' '-Os' '-mcall-prologues' '-ffunction-sections' '-fdata-sections' '-v' '-o' 'cmTC_9f19b' '-specs=device-specs/specs-avr2']
  link line: [ /usr/lib/gcc/avr/5.4.0/collect2 -plugin /usr/lib/gcc/avr/5.4.0/liblto_plugin.so -plugin-opt=/usr/lib/gcc/avr/5.4.0/lto-wrapper -plugin-opt=-fresolution=/tmp/ccdo3v1t.res -plugin-opt=-pass-through=-lgcc -plugin-opt=-pass-through=-lm -plugin-opt=-pass-through=-lc --pmem-wrap-around=8k -o cmTC_9f19b -L/usr/lib/gcc/avr/5.4.0 -L/usr/lib/gcc/avr/5.4.0/../../../avr/lib --gc-sections -lm CMakeFiles/cmTC_9f19b.dir/CMakeCCompilerABI.c.obj --start-group -lgcc -lm -lc --end-group]
    arg [/usr/lib/gcc/avr/5.4.0/collect2] ==> ignore
    arg [-plugin] ==> ignore
    arg [/usr/lib/gcc/avr/5.4.0/liblto_plugin.so] ==> ignore
    arg [-plugin-opt=/usr/lib/gcc/avr/5.4.0/lto-wrapper] ==> ignore
    arg [-plugin-opt=-fresolution=/tmp/ccdo3v1t.res] ==> ignore
    arg [-plugin-opt=-pass-through=-lgcc] ==> ignore
    arg [-plugin-opt=-pass-through=-lm] ==> ignore
    arg [-plugin-opt=-pass-through=-lc] ==> ignore
    arg [--pmem-wrap-around=8k] ==> ignore
    arg [-o] ==> ignore
    arg [cmTC_9f19b] ==> ignore
    arg [-L/usr/lib/gcc/avr/5.4.0] ==> dir [/usr/lib/gcc/avr/5.4.0]
    arg [-L/usr/lib/gcc/avr/5.4.0/../../../avr/lib] ==> dir [/usr/lib/gcc/avr/5.4.0/../../../avr/lib]
    arg [--gc-sections] ==> ignore
    arg [-lm] ==> lib [m]
    arg [CMakeFiles/cmTC_9f19b.dir/CMakeCCompilerABI.c.obj] ==> ignore
    arg [--start-group] ==> ignore
    arg [-lgcc] ==> lib [gcc]
    arg [-lm] ==> lib [m]
    arg [-lc] ==> lib [c]
    arg [--end-group] ==> ignore
  collapse library dir [/usr/lib/gcc/avr/5.4.0] ==> [/usr/lib/gcc/avr/5.4.0]
  collapse library dir [/usr/lib/gcc/avr/5.4.0/../../../avr/lib] ==> [/usr/lib/avr/lib]
  implicit libs: [m;gcc;m;c]
  implicit dirs: [/usr/lib/gcc/avr/5.4.0;/usr/lib/avr/lib]
  implicit fwks: []




Detecting C [-std=c11] compiler features compiled with the following output:
Change Dir: /home/user/catkin_ws/build/mpu6050-ros/firmware/CMakeFiles/CMakeTmp

Run Build Command:"/usr/bin/make" "cmTC_d836e/fast"
make[3]: Entering directory '/home/user/catkin_ws/build/mpu6050-ros/firmware/CMakeFiles/CMakeTmp'
/usr/bin/make -f CMakeFiles/cmTC_d836e.dir/build.make CMakeFiles/cmTC_d836e.dir/build
make[4]: Entering directory '/home/user/catkin_ws/build/mpu6050-ros/firmware/CMakeFiles/CMakeTmp'
Building C object CMakeFiles/cmTC_d836e.dir/feature_tests.c.obj
/usr/bin/avr-gcc   -g -Os       -mcall-prologues -ffunction-sections -fdata-sections    -std=c11 -o CMakeFiles/cmTC_d836e.dir/feature_tests.c.obj   -c /home/user/catkin_ws/build/mpu6050-ros/firmware/CMakeFiles/feature_tests.c
Linking C executable cmTC_d836e
/usr/bin/cmake -E cmake_link_script CMakeFiles/cmTC_d836e.dir/link.txt --verbose=1
/usr/bin/avr-gcc -g -Os       -mcall-prologues -ffunction-sections -fdata-sections   -Wl,--gc-sections -lm  CMakeFiles/cmTC_d836e.dir/feature_tests.c.obj  -o cmTC_d836e 
make[4]: Leaving directory '/home/user/catkin_ws/build/mpu6050-ros/firmware/CMakeFiles/CMakeTmp'
make[3]: Leaving directory '/home/user/catkin_ws/build/mpu6050-ros/firmware/CMakeFiles/CMakeTmp'




Detecting C [-std=c99] compiler features compiled with the following output:
Change Dir: /home/user/catkin_ws/build/mpu6050-ros/firmware/CMakeFiles/CMakeTmp

Run Build Command:"/usr/bin/make" "cmTC_f4814/fast"
make[3]: Entering directory '/home/user/catkin_ws/build/mpu6050-ros/firmware/CMakeFiles/CMakeTmp'
/usr/bin/make -f CMakeFiles/cmTC_f4814.dir/build.make CMakeFiles/cmTC_f4814.dir/build
make[4]: Entering directory '/home/user/catkin_ws/build/mpu6050-ros/firmware/CMakeFiles/CMakeTmp'
Building C object CMakeFiles/cmTC_f4814.dir/feature_tests.c.obj
/usr/bin/avr-gcc   -g -Os       -mcall-prologues -ffunction-sections -fdata-sections    -std=c99 -o CMakeFiles/cmTC_f4814.dir/feature_tests.c.obj   -c /home/user/catkin_ws/build/mpu6050-ros/firmware/CMakeFiles/feature_tests.c
Linking C executable cmTC_f4814
/usr/bin/cmake -E cmake_link_script CMakeFiles/cmTC_f4814.dir/link.txt --verbose=1
/usr/bin/avr-gcc -g -Os       -mcall-prologues -ffunction-sections -fdata-sections   -Wl,--gc-sections -lm  CMakeFiles/cmTC_f4814.dir/feature_tests.c.obj  -o cmTC_f4814 
make[4]: Leaving directory '/home/user/catkin_ws/build/mpu6050-ros/firmware/CMakeFiles/CMakeTmp'
make[3]: Leaving directory '/home/user/catkin_ws/build/mpu6050-ros/firmware/CMakeFiles/CMakeTmp'




Detecting C [-std=c90] compiler features compiled with the following output:
Change Dir: /home/user/catkin_ws/build/mpu6050-ros/firmware/CMakeFiles/CMakeTmp

Run Build Command:"/usr/bin/make" "cmTC_f61ab/fast"
make[3]: Entering directory '/home/user/catkin_ws/build/mpu6050-ros/firmware/CMakeFiles/CMakeTmp'
/usr/bin/make -f CMakeFiles/cmTC_f61ab.dir/build.make CMakeFiles/cmTC_f61ab.dir/build
make[4]: Entering directory '/home/user/catkin_ws/build/mpu6050-ros/firmware/CMakeFiles/CMakeTmp'
Building C object CMakeFiles/cmTC_f61ab.dir/feature_tests.c.obj
/usr/bin/avr-gcc   -g -Os       -mcall-prologues -ffunction-sections -fdata-sections    -std=c90 -o CMakeFiles/cmTC_f61ab.dir/feature_tests.c.obj   -c /home/user/catkin_ws/build/mpu6050-ros/firmware/CMakeFiles/feature_tests.c
Linking C executable cmTC_f61ab
/usr/bin/cmake -E cmake_link_script CMakeFiles/cmTC_f61ab.dir/link.txt --verbose=1
/usr/bin/avr-gcc -g -Os       -mcall-prologues -ffunction-sections -fdata-sections   -Wl,--gc-sections -lm  CMakeFiles/cmTC_f61ab.dir/feature_tests.c.obj  -o cmTC_f61ab 
make[4]: Leaving directory '/home/user/catkin_ws/build/mpu6050-ros/firmware/CMakeFiles/CMakeTmp'
make[3]: Leaving directory '/home/user/catkin_ws/build/mpu6050-ros/firmware/CMakeFiles/CMakeTmp'


Determining if the CXX compiler works passed with the following output:
Change Dir: /home/user/catkin_ws/build/mpu6050-ros/firmware/CMakeFiles/CMakeTmp

Run Build Command:"/usr/bin/make" "cmTC_7940f/fast"
make[3]: Entering directory '/home/user/catkin_ws/build/mpu6050-ros/firmware/CMakeFiles/CMakeTmp'
/usr/bin/make -f CMakeFiles/cmTC_7940f.dir/build.make CMakeFiles/cmTC_7940f.dir/build
make[4]: Entering directory '/home/user/catkin_ws/build/mpu6050-ros/firmware/CMakeFiles/CMakeTmp'
Building CXX object CMakeFiles/cmTC_7940f.dir/testCXXCompiler.cxx.obj
/usr/bin/avr-g++    -g -Os       -mcall-prologues -ffunction-sections -fdata-sections -fno-exceptions    -o CMakeFiles/cmTC_7940f.dir/testCXXCompiler.cxx.obj -c /home/user/catkin_ws/build/mpu6050-ros/firmware/CMakeFiles/CMakeTmp/testCXXCompiler.cxx
Linking CXX executable cmTC_7940f
/usr/bin/cmake -E cmake_link_script CMakeFiles/cmTC_7940f.dir/link.txt --verbose=1
/usr/bin/avr-g++  -g -Os       -mcall-prologues -ffunction-sections -fdata-sections -fno-exceptions   -Wl,--gc-sections -lm  CMakeFiles/cmTC_7940f.dir/testCXXCompiler.cxx.obj  -o cmTC_7940f 
make[4]: Leaving directory '/home/user/catkin_ws/build/mpu6050-ros/firmware/CMakeFiles/CMakeTmp'
make[3]: Leaving directory '/home/user/catkin_ws/build/mpu6050-ros/firmware/CMakeFiles/CMakeTmp'


Detecting CXX compiler ABI info compiled with the following output:
Change Dir: /home/user/catkin_ws/build/mpu6050-ros/firmware/CMakeFiles/CMakeTmp

Run Build Command:"/usr/bin/make" "cmTC_e8d84/fast"
make[3]: Entering directory '/home/user/catkin_ws/build/mpu6050-ros/firmware/CMakeFiles/CMakeTmp'
/usr/bin/make -f CMakeFiles/cmTC_e8d84.dir/build.make CMakeFiles/cmTC_e8d84.dir/build
make[4]: Entering directory '/home/user/catkin_ws/build/mpu6050-ros/firmware/CMakeFiles/CMakeTmp'
Building CXX object CMakeFiles/cmTC_e8d84.dir/CMakeCXXCompilerABI.cpp.obj
/usr/bin/avr-g++    -g -Os       -mcall-prologues -ffunction-sections -fdata-sections -fno-exceptions    -o CMakeFiles/cmTC_e8d84.dir/CMakeCXXCompilerABI.cpp.obj -c /usr/share/cmake-3.10/Modules/CMakeCXXCompilerABI.cpp
Linking CXX executable cmTC_e8d84
/usr/bin/cmake -E cmake_link_script CMakeFiles/cmTC_e8d84.dir/link.txt --verbose=1
/usr/bin/avr-g++  -g -Os       -mcall-prologues -ffunction-sections -fdata-sections -fno-exceptions   -Wl,--gc-sections -lm -v CMakeFiles/cmTC_e8d84.dir/CMakeCXXCompilerABI.cpp.obj  -o cmTC_e8d84 
Using built-in specs.
Reading specs from /usr/lib/gcc/avr/5.4.0/device-specs/specs-avr2
COLLECT_GCC=/usr/bin/avr-g++
COLLECT_LTO_WRAPPER=/usr/lib/gcc/avr/5.4.0/lto-wrapper
Target: avr
Configured with: ../gcc/configure -v --enable-languages=c,c++ --prefix=/usr/lib --infodir=/usr/share/info --mandir=/usr/share/man --bindir=/usr/bin --libexecdir=/usr/lib --libdir=/usr/lib --enable-shared --with-system-zlib --enable-long-long --enable-nls --without-included-gettext --disable-libssp --build=aarch64-linux-gnu --host=aarch64-linux-gnu --target=avr CFLAGS='-g -O2 -fdebug-prefix-map=/build/gcc-avr-xTm33B/gcc-avr-5.4.0+Atmel3.6.0=. -fstack-protector-strong -Wformat ' CPPFLAGS='-Wdate-time -D_FORTIFY_SOURCE=2' CXXFLAGS='-g -O2 -fdebug-prefix-map=/build/gcc-avr-xTm33B/gcc-avr-5.4.0+Atmel3.6.0=. -fstack-protector-strong -Wformat ' FCFLAGS='-g -O2 -fdebug-prefix-map=/build/gcc-avr-xTm33B/gcc-avr-5.4.0+Atmel3.6.0=. -fstack-protector-strong' FFLAGS='-g -O2 -fdebug-prefix-map=/build/gcc-avr-xTm33B/gcc-avr-5.4.0+Atmel3.6.0=. -fstack-protector-strong' GCJFLAGS='-g -O2 -fdebug-prefix-map=/build/gcc-avr-xTm33B/gcc-avr-5.4.0+Atmel3.6.0=. -fstack-protector-strong' LDFLAGS='-Wl,-Bsymbolic-functions -Wl,-z,relro' OBJCFLAGS='-g -O2 -fdebug-prefix-map=/build/gcc-avr-xTm33B/gcc-avr-5.4.0+Atmel3.6.0=. -fstack-protector-strong -Wformat ' OBJCXXFLAGS='-g -O2 -fdebug-prefix-map=/build/gcc-avr-xTm33B/gcc-avr-5.4.0+Atmel3.6.0=. -fstack-protector-strong -Wformat '
Thread model: single
gcc version 5.4.0 (GCC) 
COMPILER_PATH=/usr/lib/gcc/avr/5.4.0/:/usr/lib/gcc/avr/5.4.0/:/usr/lib/gcc/avr/:/usr/lib/gcc/avr/5.4.0/:/usr/lib/gcc/avr/:/usr/lib/gcc/avr/5.4.0/../../../avr/bin/
LIBRARY_PATH=/usr/lib/gcc/avr/5.4.0/:/usr/lib/gcc/avr/5.4.0/../../../avr/lib/
COLLECT_GCC_OPTIONS='-g' '-Os' '-mcall-prologues' '-ffunction-sections' '-fdata-sections' '-fno-exceptions' '-v' '-o' 'cmTC_e8d84' '-specs=device-specs/specs-avr2'
 /usr/lib/gcc/avr/5.4.0/collect2 -plugin /usr/lib/gcc/avr/5.4.0/liblto_plugin.so -plugin-opt=/usr/lib/gcc/avr/5.4.0/lto-wrapper -plugin-opt=-fresolution=/tmp/ccZ2f5gT.res -plugin-opt=-pass-through=-lgcc -plugin-opt=-pass-through=-lm -plugin-opt=-pass-through=-lc --pmem-wrap-around=8k -o cmTC_e8d84 -L/usr/lib/gcc/avr/5.4.0 -L/usr/lib/gcc/avr/5.4.0/../../../avr/lib --gc-sections CMakeFiles/cmTC_e8d84.dir/CMakeCXXCompilerABI.cpp.obj -lgcc -lm --start-group -lgcc -lm -lc --end-group
make[4]: Leaving directory '/home/user/catkin_ws/build/mpu6050-ros/firmware/CMakeFiles/CMakeTmp'
make[3]: Leaving directory '/home/user/catkin_ws/build/mpu6050-ros/firmware/CMakeFiles/CMakeTmp'


Parsed CXX implicit link information from above output:
  link line regex: [^( *|.*[/\])(avr-ld|CMAKE_LINK_STARTFILE-NOTFOUND|([^/\]+-)?ld|collect2)[^/\]*( |$)]
  ignore line: [Change Dir: /home/user/catkin_ws/build/mpu6050-ros/firmware/CMakeFiles/CMakeTmp]
  ignore line: []
  ignore line: [Run Build Command:"/usr/bin/make" "cmTC_e8d84/fast"]
  ignore line: [make[3]: Entering directory '/home/user/catkin_ws/build/mpu6050-ros/firmware/CMakeFiles/CMakeTmp']
  ignore line: [/usr/bin/make -f CMakeFiles/cmTC_e8d84.dir/build.make CMakeFiles/cmTC_e8d84.dir/build]
  ignore line: [make[4]: Entering directory '/home/user/catkin_ws/build/mpu6050-ros/firmware/CMakeFiles/CMakeTmp']
  ignore line: [Building CXX object CMakeFiles/cmTC_e8d84.dir/CMakeCXXCompilerABI.cpp.obj]
  ignore line: [/usr/bin/avr-g++    -g -Os       -mcall-prologues -ffunction-sections -fdata-sections -fno-exceptions    -o CMakeFiles/cmTC_e8d84.dir/CMakeCXXCompilerABI.cpp.obj -c /usr/share/cmake-3.10/Modules/CMakeCXXCompilerABI.cpp]
  ignore line: [Linking CXX executable cmTC_e8d84]
  ignore line: [/usr/bin/cmake -E cmake_link_script CMakeFiles/cmTC_e8d84.dir/link.txt --verbose=1]
  ignore line: [/usr/bin/avr-g++  -g -Os       -mcall-prologues -ffunction-sections -fdata-sections -fno-exceptions   -Wl,--gc-sections -lm -v CMakeFiles/cmTC_e8d84.dir/CMakeCXXCompilerABI.cpp.obj  -o cmTC_e8d84 ]
  ignore line: [Using built-in specs.]
  ignore line: [Reading specs from /usr/lib/gcc/avr/5.4.0/device-specs/specs-avr2]
  ignore line: [COLLECT_GCC=/usr/bin/avr-g++]
  ignore line: [COLLECT_LTO_WRAPPER=/usr/lib/gcc/avr/5.4.0/lto-wrapper]
  ignore line: [Target: avr]
  ignore line: [Configured with: ../gcc/configure -v --enable-languages=c,c++ --prefix=/usr/lib --infodir=/usr/share/info --mandir=/usr/share/man --bindir=/usr/bin --libexecdir=/usr/lib --libdir=/usr/lib --enable-shared --with-system-zlib --enable-long-long --enable-nls --without-included-gettext --disable-libssp --build=aarch64-linux-gnu --host=aarch64-linux-gnu --target=avr CFLAGS='-g -O2 -fdebug-prefix-map=/build/gcc-avr-xTm33B/gcc-avr-5.4.0+Atmel3.6.0=. -fstack-protector-strong -Wformat ' CPPFLAGS='-Wdate-time -D_FORTIFY_SOURCE=2' CXXFLAGS='-g -O2 -fdebug-prefix-map=/build/gcc-avr-xTm33B/gcc-avr-5.4.0+Atmel3.6.0=. -fstack-protector-strong -Wformat ' FCFLAGS='-g -O2 -fdebug-prefix-map=/build/gcc-avr-xTm33B/gcc-avr-5.4.0+Atmel3.6.0=. -fstack-protector-strong' FFLAGS='-g -O2 -fdebug-prefix-map=/build/gcc-avr-xTm33B/gcc-avr-5.4.0+Atmel3.6.0=. -fstack-protector-strong' GCJFLAGS='-g -O2 -fdebug-prefix-map=/build/gcc-avr-xTm33B/gcc-avr-5.4.0+Atmel3.6.0=. -fstack-protector-strong' LDFLAGS='-Wl,-Bsymbolic-functions -Wl,-z,relro' OBJCFLAGS='-g -O2 -fdebug-prefix-map=/build/gcc-avr-xTm33B/gcc-avr-5.4.0+Atmel3.6.0=. -fstack-protector-strong -Wformat ' OBJCXXFLAGS='-g -O2 -fdebug-prefix-map=/build/gcc-avr-xTm33B/gcc-avr-5.4.0+Atmel3.6.0=. -fstack-protector-strong -Wformat ']
  ignore line: [Thread model: single]
  ignore line: [gcc version 5.4.0 (GCC) ]
  ignore line: [COMPILER_PATH=/usr/lib/gcc/avr/5.4.0/:/usr/lib/gcc/avr/5.4.0/:/usr/lib/gcc/avr/:/usr/lib/gcc/avr/5.4.0/:/usr/lib/gcc/avr/:/usr/lib/gcc/avr/5.4.0/../../../avr/bin/]
  ignore line: [LIBRARY_PATH=/usr/lib/gcc/avr/5.4.0/:/usr/lib/gcc/avr/5.4.0/../../../avr/lib/]
  ignore line: [COLLECT_GCC_OPTIONS='-g' '-Os' '-mcall-prologues' '-ffunction-sections' '-fdata-sections' '-fno-exceptions' '-v' '-o' 'cmTC_e8d84' '-specs=device-specs/specs-avr2']
  link line: [ /usr/lib/gcc/avr/5.4.0/collect2 -plugin /usr/lib/gcc/avr/5.4.0/liblto_plugin.so -plugin-opt=/usr/lib/gcc/avr/5.4.0/lto-wrapper -plugin-opt=-fresolution=/tmp/ccZ2f5gT.res -plugin-opt=-pass-through=-lgcc -plugin-opt=-pass-through=-lm -plugin-opt=-pass-through=-lc --pmem-wrap-around=8k -o cmTC_e8d84 -L/usr/lib/gcc/avr/5.4.0 -L/usr/lib/gcc/avr/5.4.0/../../../avr/lib --gc-sections CMakeFiles/cmTC_e8d84.dir/CMakeCXXCompilerABI.cpp.obj -lgcc -lm --start-group -lgcc -lm -lc --end-group]
    arg [/usr/lib/gcc/avr/5.4.0/collect2] ==> ignore
    arg [-plugin] ==> ignore
    arg [/usr/lib/gcc/avr/5.4.0/liblto_plugin.so] ==> ignore
    arg [-plugin-opt=/usr/lib/gcc/avr/5.4.0/lto-wrapper] ==> ignore
    arg [-plugin-opt=-fresolution=/tmp/ccZ2f5gT.res] ==> ignore
    arg [-plugin-opt=-pass-through=-lgcc] ==> ignore
    arg [-plugin-opt=-pass-through=-lm] ==> ignore
    arg [-plugin-opt=-pass-through=-lc] ==> ignore
    arg [--pmem-wrap-around=8k] ==> ignore
    arg [-o] ==> ignore
    arg [cmTC_e8d84] ==> ignore
    arg [-L/usr/lib/gcc/avr/5.4.0] ==> dir [/usr/lib/gcc/avr/5.4.0]
    arg [-L/usr/lib/gcc/avr/5.4.0/../../../avr/lib] ==> dir [/usr/lib/gcc/avr/5.4.0/../../../avr/lib]
    arg [--gc-sections] ==> ignore
    arg [CMakeFiles/cmTC_e8d84.dir/CMakeCXXCompilerABI.cpp.obj] ==> ignore
    arg [-lgcc] ==> lib [gcc]
    arg [-lm] ==> lib [m]
    arg [--start-group] ==> ignore
    arg [-lgcc] ==> lib [gcc]
    arg [-lm] ==> lib [m]
    arg [-lc] ==> lib [c]
    arg [--end-group] ==> ignore
  collapse library dir [/usr/lib/gcc/avr/5.4.0] ==> [/usr/lib/gcc/avr/5.4.0]
  collapse library dir [/usr/lib/gcc/avr/5.4.0/../../../avr/lib] ==> [/usr/lib/avr/lib]
  implicit libs: [gcc;m;gcc;m;c]
  implicit dirs: [/usr/lib/gcc/avr/5.4.0;/usr/lib/avr/lib]
  implicit fwks: []




Detecting CXX [-std=c++1z] compiler features compiled with the following output:
Change Dir: /home/user/catkin_ws/build/mpu6050-ros/firmware/CMakeFiles/CMakeTmp

Run Build Command:"/usr/bin/make" "cmTC_03bac/fast"
make[3]: Entering directory '/home/user/catkin_ws/build/mpu6050-ros/firmware/CMakeFiles/CMakeTmp'
/usr/bin/make -f CMakeFiles/cmTC_03bac.dir/build.make CMakeFiles/cmTC_03bac.dir/build
make[4]: Entering directory '/home/user/catkin_ws/build/mpu6050-ros/firmware/CMakeFiles/CMakeTmp'
Building CXX object CMakeFiles/cmTC_03bac.dir/feature_tests.cxx.obj
/usr/bin/avr-g++    -g -Os       -mcall-prologues -ffunction-sections -fdata-sections -fno-exceptions    -std=c++1z -o CMakeFiles/cmTC_03bac.dir/feature_tests.cxx.obj -c /home/user/catkin_ws/build/mpu6050-ros/firmware/CMakeFiles/feature_tests.cxx
Linking CXX executable cmTC_03bac
/usr/bin/cmake -E cmake_link_script CMakeFiles/cmTC_03bac.dir/link.txt --verbose=1
/usr/bin/avr-g++  -g -Os       -mcall-prologues -ffunction-sections -fdata-sections -fno-exceptions   -Wl,--gc-sections -lm  CMakeFiles/cmTC_03bac.dir/feature_tests.cxx.obj  -o cmTC_03bac 
make[4]: Leaving directory '/home/user/catkin_ws/build/mpu6050-ros/firmware/CMakeFiles/CMakeTmp'
make[3]: Leaving directory '/home/user/catkin_ws/build/mpu6050-ros/firmware/CMakeFiles/CMakeTmp'




Detecting CXX [-std=c++14] compiler features compiled with the following output:
Change Dir: /home/user/catkin_ws/build/mpu6050-ros/firmware/CMakeFiles/CMakeTmp

Run Build Command:"/usr/bin/make" "cmTC_e8664/fast"
make[3]: Entering directory '/home/user/catkin_ws/build/mpu6050-ros/firmware/CMakeFiles/CMakeTmp'
/usr/bin/make -f CMakeFiles/cmTC_e8664.dir/build.make CMakeFiles/cmTC_e8664.dir/build
make[4]: Entering directory '/home/user/catkin_ws/build/mpu6050-ros/firmware/CMakeFiles/CMakeTmp'
Building CXX object CMakeFiles/cmTC_e8664.dir/feature_tests.cxx.obj
/usr/bin/avr-g++    -g -Os       -mcall-prologues -ffunction-sections -fdata-sections -fno-exceptions    -std=c++14 -o CMakeFiles/cmTC_e8664.dir/feature_tests.cxx.obj -c /home/user/catkin_ws/build/mpu6050-ros/firmware/CMakeFiles/feature_tests.cxx
Linking CXX executable cmTC_e8664
/usr/bin/cmake -E cmake_link_script CMakeFiles/cmTC_e8664.dir/link.txt --verbose=1
/usr/bin/avr-g++  -g -Os       -mcall-prologues -ffunction-sections -fdata-sections -fno-exceptions   -Wl,--gc-sections -lm  CMakeFiles/cmTC_e8664.dir/feature_tests.cxx.obj  -o cmTC_e8664 
make[4]: Leaving directory '/home/user/catkin_ws/build/mpu6050-ros/firmware/CMakeFiles/CMakeTmp'
make[3]: Leaving directory '/home/user/catkin_ws/build/mpu6050-ros/firmware/CMakeFiles/CMakeTmp'




Detecting CXX [-std=c++11] compiler features compiled with the following output:
Change Dir: /home/user/catkin_ws/build/mpu6050-ros/firmware/CMakeFiles/CMakeTmp

Run Build Command:"/usr/bin/make" "cmTC_9e5b0/fast"
make[3]: Entering directory '/home/user/catkin_ws/build/mpu6050-ros/firmware/CMakeFiles/CMakeTmp'
/usr/bin/make -f CMakeFiles/cmTC_9e5b0.dir/build.make CMakeFiles/cmTC_9e5b0.dir/build
make[4]: Entering directory '/home/user/catkin_ws/build/mpu6050-ros/firmware/CMakeFiles/CMakeTmp'
Building CXX object CMakeFiles/cmTC_9e5b0.dir/feature_tests.cxx.obj
/usr/bin/avr-g++    -g -Os       -mcall-prologues -ffunction-sections -fdata-sections -fno-exceptions    -std=c++11 -o CMakeFiles/cmTC_9e5b0.dir/feature_tests.cxx.obj -c /home/user/catkin_ws/build/mpu6050-ros/firmware/CMakeFiles/feature_tests.cxx
Linking CXX executable cmTC_9e5b0
/usr/bin/cmake -E cmake_link_script CMakeFiles/cmTC_9e5b0.dir/link.txt --verbose=1
/usr/bin/avr-g++  -g -Os       -mcall-prologues -ffunction-sections -fdata-sections -fno-exceptions   -Wl,--gc-sections -lm  CMakeFiles/cmTC_9e5b0.dir/feature_tests.cxx.obj  -o cmTC_9e5b0 
make[4]: Leaving directory '/home/user/catkin_ws/build/mpu6050-ros/firmware/CMakeFiles/CMakeTmp'
make[3]: Leaving directory '/home/user/catkin_ws/build/mpu6050-ros/firmware/CMakeFiles/CMakeTmp'




Detecting CXX [-std=c++98] compiler features compiled with the following output:
Change Dir: /home/user/catkin_ws/build/mpu6050-ros/firmware/CMakeFiles/CMakeTmp

Run Build Command:"/usr/bin/make" "cmTC_61ad8/fast"
make[3]: Entering directory '/home/user/catkin_ws/build/mpu6050-ros/firmware/CMakeFiles/CMakeTmp'
/usr/bin/make -f CMakeFiles/cmTC_61ad8.dir/build.make CMakeFiles/cmTC_61ad8.dir/build
make[4]: Entering directory '/home/user/catkin_ws/build/mpu6050-ros/firmware/CMakeFiles/CMakeTmp'
Building CXX object CMakeFiles/cmTC_61ad8.dir/feature_tests.cxx.obj
/usr/bin/avr-g++    -g -Os       -mcall-prologues -ffunction-sections -fdata-sections -fno-exceptions    -std=c++98 -o CMakeFiles/cmTC_61ad8.dir/feature_tests.cxx.obj -c /home/user/catkin_ws/build/mpu6050-ros/firmware/CMakeFiles/feature_tests.cxx
Linking CXX executable cmTC_61ad8
/usr/bin/cmake -E cmake_link_script CMakeFiles/cmTC_61ad8.dir/link.txt --verbose=1
/usr/bin/avr-g++  -g -Os       -mcall-prologues -ffunction-sections -fdata-sections -fno-exceptions   -Wl,--gc-sections -lm  CMakeFiles/cmTC_61ad8.dir/feature_tests.cxx.obj  -o cmTC_61ad8 
make[4]: Leaving directory '/home/user/catkin_ws/build/mpu6050-ros/firmware/CMakeFiles/CMakeTmp'
make[3]: Leaving directory '/home/user/catkin_ws/build/mpu6050-ros/firmware/CMakeFiles/CMakeTmp'


